<?xml version="1.0" encoding="UTF-8"?>
<!-- Generated by org.testng.reporters.JUnitXMLReporter -->
<testsuite ignored="0" hostname="PeterPC" failures="1" tests="4" name="chrometest" time="42.161" errors="0" timestamp="2023-04-30T21:10:24 EDT">
  <testcase classname="com.nopCommerce2023.testCases.TC_AddCustomerTest_003" name="addNewCustomer" time="12.956"/>
  <testcase classname="com.nopCommerce2023.testCases.TC_LoginTest_001" name="loginTest" time="3.566">
    <failure type="java.lang.AssertionError" message="expected [true] but found [false]">
      <![CDATA[java.lang.AssertionError: expected [true] but found [false]
at com.nopCommerce2023.testCases.TC_LoginTest_001.loginTest(TC_LoginTest_001.java:36)
at java.base/java.util.ArrayList.forEach(ArrayList.java:1511)
at java.base/java.util.concurrent.FutureTask.run(FutureTask.java:264)
at java.base/java.util.concurrent.ThreadPoolExecutor.runWorker(ThreadPoolExecutor.java:1136)
at java.base/java.util.concurrent.ThreadPoolExecutor$Worker.run(ThreadPoolExecutor.java:635)
at java.base/java.lang.Thread.run(Thread.java:833)
... Removed 21 stack frames]]>
    </failure>
  </testcase> <!-- loginTest -->
  <testcase classname="com.nopCommerce2023.testCases.TC_SearchCustomerByEmail_004" name="searchCustomerbyEmail" time="9.959"/>
  <testcase classname="com.nopCommerce2023.testCases.TC_SearchCustomerByName_005" name="searchCustomerbyName" time="9.259"/>
</testsuite> <!-- chrometest -->
